  main.cpp
E:\cpp\OpenGL\OpenGLProjects\Helpers\Mesh.h(76,1): warning C4267: 'argument': conversion from 'size_t' to 'GLsizei', possible loss of data
E:\cpp\OpenGL\OpenGLProjects\Helpers\Model.h(72,22): warning C4018: '<': signed/unsigned mismatch
E:\cpp\OpenGL\OpenGLProjects\Helpers\Model.h(78,22): warning C4018: '<': signed/unsigned mismatch
E:\cpp\OpenGL\OpenGLProjects\Helpers\Model.h(90,22): warning C4018: '<': signed/unsigned mismatch
E:\cpp\OpenGL\OpenGLProjects\Helpers\Model.h(134,22): warning C4018: '<': signed/unsigned mismatch
E:\cpp\OpenGL\OpenGLProjects\Helpers\Model.h(137,23): warning C4018: '<': signed/unsigned mismatch
E:\cpp\OpenGL\OpenGLProjects\Helpers\Model.h(163,22): warning C4018: '<': signed/unsigned mismatch
E:\cpp\OpenGL\OpenGLProjects\Project9\main.cpp(44,12): warning C4244: '=': conversion from 'double' to 'float', possible loss of data
E:\cpp\OpenGL\OpenGLProjects\Project9\main.cpp(45,12): warning C4244: '=': conversion from 'double' to 'float', possible loss of data
E:\cpp\OpenGL\OpenGLProjects\Project9\main.cpp(49,17): warning C4244: 'initializing': conversion from 'double' to 'float', possible loss of data
E:\cpp\OpenGL\OpenGLProjects\Project9\main.cpp(50,17): warning C4244: 'initializing': conversion from 'double' to 'float', possible loss of data
E:\cpp\OpenGL\OpenGLProjects\Project9\main.cpp(52,11): warning C4244: '=': conversion from 'double' to 'float', possible loss of data
E:\cpp\OpenGL\OpenGLProjects\Project9\main.cpp(53,11): warning C4244: '=': conversion from 'double' to 'float', possible loss of data
E:\cpp\OpenGL\OpenGLProjects\Project9\main.cpp(59,29): warning C4244: 'argument': conversion from 'double' to 'float', possible loss of data
E:\cpp\OpenGL\OpenGLProjects\Project9\main.cpp(92,19): warning C4244: 'argument': conversion from 'double' to 'unsigned int', possible loss of data
E:\cpp\OpenGL\OpenGLProjects\Project9\main.cpp(107,15): warning C4244: 'initializing': conversion from 'double' to 'float', possible loss of data
E:\cpp\OpenGL\OpenGLProjects\Project9\main.cpp(110,18): warning C4244: 'initializing': conversion from 'int' to 'float', possible loss of data
E:\cpp\OpenGL\OpenGLProjects\Project9\main.cpp(149,28): warning C4244: '=': conversion from 'double' to 'float', possible loss of data
E:\cpp\OpenGL\OpenGLProjects\Project9\main.cpp(150,15): warning C4244: '=': conversion from 'double' to 'float', possible loss of data
E:\cpp\OpenGL\OpenGLProjects\Project9\main.cpp(183,99): warning C4267: 'argument': conversion from 'size_t' to 'GLsizei', possible loss of data
  Project9.vcxproj -> E:\cpp\OpenGL\OpenGLProjects\x64\Debug\Project9.exe
