  main.cpp
E:\cpp\OpenGL\OpenGLProjects\Helpers\Mesh.h(76,1): warning C4267: 'argument': conversion from 'size_t' to 'GLsizei', possible loss of data
E:\cpp\OpenGL\OpenGLProjects\Helpers\Model.h(72,22): warning C4018: '<': signed/unsigned mismatch
E:\cpp\OpenGL\OpenGLProjects\Helpers\Model.h(78,22): warning C4018: '<': signed/unsigned mismatch
E:\cpp\OpenGL\OpenGLProjects\Helpers\Model.h(90,22): warning C4018: '<': signed/unsigned mismatch
E:\cpp\OpenGL\OpenGLProjects\Helpers\Model.h(134,22): warning C4018: '<': signed/unsigned mismatch
E:\cpp\OpenGL\OpenGLProjects\Helpers\Model.h(137,23): warning C4018: '<': signed/unsigned mismatch
E:\cpp\OpenGL\OpenGLProjects\Helpers\Model.h(163,22): warning C4018: '<': signed/unsigned mismatch
E:\cpp\OpenGL\OpenGLProjects\Project21\main.cpp(52,12): warning C4244: '=': conversion from 'double' to 'float', possible loss of data
E:\cpp\OpenGL\OpenGLProjects\Project21\main.cpp(53,12): warning C4244: '=': conversion from 'double' to 'float', possible loss of data
E:\cpp\OpenGL\OpenGLProjects\Project21\main.cpp(57,17): warning C4244: 'initializing': conversion from 'double' to 'float', possible loss of data
E:\cpp\OpenGL\OpenGLProjects\Project21\main.cpp(58,17): warning C4244: 'initializing': conversion from 'double' to 'float', possible loss of data
E:\cpp\OpenGL\OpenGLProjects\Project21\main.cpp(60,11): warning C4244: '=': conversion from 'double' to 'float', possible loss of data
E:\cpp\OpenGL\OpenGLProjects\Project21\main.cpp(61,11): warning C4244: '=': conversion from 'double' to 'float', possible loss of data
E:\cpp\OpenGL\OpenGLProjects\Project21\main.cpp(67,29): warning C4244: 'argument': conversion from 'double' to 'float', possible loss of data
E:\cpp\OpenGL\OpenGLProjects\Project21\main.cpp(251,28): warning C4244: '=': conversion from 'double' to 'float', possible loss of data
E:\cpp\OpenGL\OpenGLProjects\Project21\main.cpp(252,15): warning C4244: '=': conversion from 'double' to 'float', possible loss of data
E:\cpp\OpenGL\OpenGLProjects\Project21\main.cpp(347,33): warning C4305: 'initializing': truncation from 'double' to 'float'
E:\cpp\OpenGL\OpenGLProjects\Project21\main.cpp(385,30): warning C4267: '=': conversion from 'size_t' to 'unsigned int', possible loss of data
E:\cpp\OpenGL\OpenGLProjects\Project21\main.cpp(412,51): warning C4244: 'argument': conversion from 'float' to 'GLsizei', possible loss of data
E:\cpp\OpenGL\OpenGLProjects\Project21\main.cpp(414,51): warning C4244: 'argument': conversion from 'float' to 'GLsizei', possible loss of data
E:\cpp\OpenGL\OpenGLProjects\Project21\main.cpp(416,51): warning C4244: 'argument': conversion from 'float' to 'GLsizei', possible loss of data
  Project21.vcxproj -> E:\cpp\OpenGL\OpenGLProjects\x64\Debug\Project21.exe
