  glad.c
  main.cpp
  The contents of <filesystem> are available only with C++17 or later.
E:\cpp\OpenGL\OpenGLProjects\Project2\main.cpp(53,12): warning C4244: '=': conversion from 'double' to 'float', possible loss of data
E:\cpp\OpenGL\OpenGLProjects\Project2\main.cpp(54,12): warning C4244: '=': conversion from 'double' to 'float', possible loss of data
E:\cpp\OpenGL\OpenGLProjects\Project2\main.cpp(58,17): warning C4244: 'initializing': conversion from 'double' to 'float', possible loss of data
E:\cpp\OpenGL\OpenGLProjects\Project2\main.cpp(59,17): warning C4244: 'initializing': conversion from 'double' to 'float', possible loss of data
E:\cpp\OpenGL\OpenGLProjects\Project2\main.cpp(61,11): warning C4244: '=': conversion from 'double' to 'float', possible loss of data
E:\cpp\OpenGL\OpenGLProjects\Project2\main.cpp(62,11): warning C4244: '=': conversion from 'double' to 'float', possible loss of data
E:\cpp\OpenGL\OpenGLProjects\Project2\main.cpp(68,29): warning C4244: 'argument': conversion from 'double' to 'float', possible loss of data
E:\cpp\OpenGL\OpenGLProjects\Project2\main.cpp(196,22): warning C4244: 'initializing': conversion from 'double' to 'float', possible loss of data
E:\cpp\OpenGL\OpenGLProjects\Project2\main.cpp(218,56): warning C4305: 'argument': truncation from 'double' to 'float'
E:\cpp\OpenGL\OpenGLProjects\Project2\main.cpp(219,60): warning C4305: 'argument': truncation from 'double' to 'float'
E:\cpp\OpenGL\OpenGLProjects\Project2\main.cpp(226,56): warning C4305: 'argument': truncation from 'double' to 'float'
E:\cpp\OpenGL\OpenGLProjects\Project2\main.cpp(227,60): warning C4305: 'argument': truncation from 'double' to 'float'
E:\cpp\OpenGL\OpenGLProjects\Project2\main.cpp(234,56): warning C4305: 'argument': truncation from 'double' to 'float'
E:\cpp\OpenGL\OpenGLProjects\Project2\main.cpp(235,60): warning C4305: 'argument': truncation from 'double' to 'float'
E:\cpp\OpenGL\OpenGLProjects\Project2\main.cpp(242,56): warning C4305: 'argument': truncation from 'double' to 'float'
E:\cpp\OpenGL\OpenGLProjects\Project2\main.cpp(243,60): warning C4305: 'argument': truncation from 'double' to 'float'
E:\cpp\OpenGL\OpenGLProjects\Project2\main.cpp(251,51): warning C4305: 'argument': truncation from 'double' to 'float'
E:\cpp\OpenGL\OpenGLProjects\Project2\main.cpp(252,55): warning C4305: 'argument': truncation from 'double' to 'float'
  Project2.vcxproj -> E:\cpp\OpenGL\OpenGLProjects\x64\Debug\Project2.exe
